Loading module for GNU compilers
GNU 6.4.0 is now loaded
Loading module for Miniconda
Miniconda 3 is now loaded
+ bash bin/train_pred004f0.sh
+ model=model004
+ gpu=0
+ fold=0
+ conf=./conf/model004.py
+ python -m src.cnn.main train ./conf/model004.py --fold 0 --gpu 0
/home/xum/.conda/envs/kaggler/lib/python3.7/site-packages/torch/optim/lr_scheduler.py:73: UserWarning: Seems like `optimizer.step()` has been overridden after learning rate scheduler initialization. Please, make sure to call `optimizer.step()` before `lr_scheduler.step()`. See more details at https://pytorch.org/docs/stable/optim.html#how-to-adjust-learning-rate
  "https://pytorch.org/docs/stable/optim.html#how-to-adjust-learning-rate", UserWarning)
+ ep=2
+ tta=5
+ clip=1e-6
+ snapshot=./model/model004/fold0_ep2.pt
+ valid=./model/model004/fold0_ep2_valid_tta5.pkl
+ test=./model/model004/fold0_ep2_test_tta5.pkl
+ sub=./data/submission/model004_fold0_ep2_test_tta5.csv
+ python -m src.cnn.main test ./conf/model004.py --snapshot ./model/model004/fold0_ep2.pt --output ./model/model004/fold0_ep2_test_tta5.pkl --n-tta 5 --fold 0 --gpu 0
+ python -m src.postprocess.make_submission --input ./model/model004/fold0_ep2_test_tta5.pkl --output ./data/submission/model004_fold0_ep2_test_tta5.csv --clip 1e-6
+ kaggle competitions submit rsna-intracranial-hemorrhage-detection -m 'se resnet101 on v100 lr3e-6' -f ./data/submission/model004_fold0_ep2_test_tta5.csv
  0%|          | 0.00/20.5M [00:00<?, ?B/s]  0%|          | 8.00k/20.5M [00:00<23:54, 15.0kB/s]  0%|          | 48.0k/20.5M [00:00<17:12, 20.8kB/s]  0%|          | 88.0k/20.5M [00:00<12:31, 28.5kB/s]  1%|          | 224k/20.5M [00:01<08:51, 40.1kB/s]   2%|▏         | 352k/20.5M [00:01<06:18, 55.9kB/s]  4%|▍         | 848k/20.5M [00:01<04:21, 79.1kB/s]  6%|▌         | 1.26M/20.5M [00:04<03:32, 95.0kB/s]  9%|▉         | 1.88M/20.5M [00:04<02:25, 134kB/s]  16%|█▌        | 3.27M/20.5M [00:04<01:35, 190kB/s] 31%|███       | 6.30M/20.5M [00:04<00:55, 270kB/s] 42%|████▏     | 8.58M/20.5M [00:04<00:33, 379kB/s] 61%|██████    | 12.5M/20.5M [00:05<00:15, 537kB/s] 79%|███████▉  | 16.2M/20.5M [00:05<00:06, 758kB/s] 97%|█████████▋| 20.0M/20.5M [00:05<00:00, 1.07MB/s]100%|██████████| 20.5M/20.5M [00:08<00:00, 2.61MB/s]
