Loading module for GNU compilers
GNU 6.4.0 is now loaded
Loading module for Miniconda
Miniconda 3 is now loaded
+ bash bin/train_pred004f4.sh
+ model=model004
+ gpu=0
+ fold=4
+ conf=./conf/model004.py
+ python -m src.cnn.main train ./conf/model004.py --fold 4 --gpu 0
/home/xum/.conda/envs/kaggler/lib/python3.7/site-packages/torch/optim/lr_scheduler.py:73: UserWarning: Seems like `optimizer.step()` has been overridden after learning rate scheduler initialization. Please, make sure to call `optimizer.step()` before `lr_scheduler.step()`. See more details at https://pytorch.org/docs/stable/optim.html#how-to-adjust-learning-rate
  "https://pytorch.org/docs/stable/optim.html#how-to-adjust-learning-rate", UserWarning)
+ ep=2
+ tta=5
+ clip=1e-6
+ snapshot=./model/model004/fold4_ep2.pt
+ valid=./model/model004/fold4_ep2_valid_tta5.pkl
+ test=./model/model004/fold4_ep2_test_tta5.pkl
+ sub=./data/submission/model004_fold4_ep2_test_tta5.csv
+ python -m src.cnn.main test ./conf/model004.py --snapshot ./model/model004/fold4_ep2.pt --output ./model/model004/fold4_ep2_test_tta5.pkl --n-tta 5 --fold 4 --gpu 0
+ python -m src.postprocess.make_submission --input ./model/model004/fold4_ep2_test_tta5.pkl --output ./data/submission/model004_fold4_ep2_test_tta5.csv --clip 1e-6
+ kaggle competitions submit rsna-intracranial-hemorrhage-detection -m 'se resnet101 on v100 lr3e-6' -f ./data/submission/model004_fold4_ep2_test_tta5.csv
  0%|          | 0.00/20.5M [00:00<?, ?B/s]  0%|          | 8.00k/20.5M [00:00<09:43, 36.7kB/s]  0%|          | 80.0k/20.5M [00:00<07:00, 50.9kB/s]  2%|▏         | 392k/20.5M [00:00<04:52, 71.9kB/s]   8%|▊         | 1.61M/20.5M [00:01<03:14, 102kB/s] 25%|██▍       | 5.07M/20.5M [00:01<01:51, 145kB/s] 37%|███▋      | 7.64M/20.5M [00:01<01:05, 206kB/s] 71%|███████▏  | 14.6M/20.5M [00:01<00:20, 294kB/s]100%|██████████| 20.5M/20.5M [00:04<00:00, 5.18MB/s]
