Loading module for GNU compilers
GNU 6.4.0 is now loaded
Loading module for Miniconda
Miniconda 3 is now loaded
+ bash bin/train_pred004f2.sh
+ model=model004
+ gpu=0
+ fold=2
+ conf=./conf/model004.py
+ python -m src.cnn.main train ./conf/model004.py --fold 2 --gpu 0
/home/xum/.conda/envs/kaggler/lib/python3.7/site-packages/torch/optim/lr_scheduler.py:73: UserWarning: Seems like `optimizer.step()` has been overridden after learning rate scheduler initialization. Please, make sure to call `optimizer.step()` before `lr_scheduler.step()`. See more details at https://pytorch.org/docs/stable/optim.html#how-to-adjust-learning-rate
  "https://pytorch.org/docs/stable/optim.html#how-to-adjust-learning-rate", UserWarning)
+ ep=2
+ tta=5
+ clip=1e-6
+ snapshot=./model/model004/fold2_ep2.pt
+ valid=./model/model004/fold2_ep2_valid_tta5.pkl
+ test=./model/model004/fold2_ep2_test_tta5.pkl
+ sub=./data/submission/model004_fold2_ep2_test_tta5.csv
+ python -m src.cnn.main test ./conf/model004.py --snapshot ./model/model004/fold2_ep2.pt --output ./model/model004/fold2_ep2_test_tta5.pkl --n-tta 5 --fold 2 --gpu 0
+ python -m src.postprocess.make_submission --input ./model/model004/fold2_ep2_test_tta5.pkl --output ./data/submission/model004_fold2_ep2_test_tta5.csv --clip 1e-6
+ kaggle competitions submit rsna-intracranial-hemorrhage-detection -m 'se resnet101 on v100 lr3e-6' -f ./data/submission/model004_fold2_ep2_test_tta5.csv
  0%|          | 0.00/20.3M [00:00<?, ?B/s]  0%|          | 8.00k/20.3M [00:00<15:43, 22.6kB/s]  0%|          | 80.0k/20.3M [00:00<11:10, 31.6kB/s]  2%|▏         | 368k/20.3M [00:00<07:46, 44.9kB/s]   7%|▋         | 1.40M/20.3M [00:01<05:14, 63.0kB/s] 18%|█▊        | 3.70M/20.3M [00:01<03:13, 89.9kB/s] 45%|████▍     | 9.09M/20.3M [00:02<01:31, 128kB/s]  79%|███████▉  | 16.1M/20.3M [00:02<00:24, 183kB/s]100%|██████████| 20.3M/20.3M [00:04<00:00, 4.64MB/s]
