Loading module for GNU compilers
GNU 6.4.0 is now loaded
Loading module for Miniconda
Miniconda 3 is now loaded
+ bash bin/train_pred005f4.sh
+ model=model005
+ gpu=0
+ fold=4
+ conf=./conf/model005.py
+ python -m src.cnn.main train ./conf/model005.py --fold 4 --gpu 0
/home/xum/.conda/envs/kaggler/lib/python3.7/site-packages/torch/optim/lr_scheduler.py:73: UserWarning: Seems like `optimizer.step()` has been overridden after learning rate scheduler initialization. Please, make sure to call `optimizer.step()` before `lr_scheduler.step()`. See more details at https://pytorch.org/docs/stable/optim.html#how-to-adjust-learning-rate
  "https://pytorch.org/docs/stable/optim.html#how-to-adjust-learning-rate", UserWarning)
+ ep=1
+ tta=5
+ clip=1e-6
+ snapshot=./model/model005/fold4_ep1.pt
+ valid=./model/model005/fold4_ep1_valid_tta5.pkl
+ test=./model/model005/fold4_ep1_test_tta5.pkl
+ sub=./data/submission/model005_fold4_ep1_test_tta5.csv
+ python -m src.cnn.main test ./conf/model005.py --snapshot ./model/model005/fold4_ep1.pt --output ./model/model005/fold4_ep1_test_tta5.pkl --n-tta 5 --fold 4 --gpu 0
+ python -m src.postprocess.make_submission --input ./model/model005/fold4_ep1_test_tta5.pkl --output ./data/submission/model005_fold4_ep1_test_tta5.csv --clip 1e-6
+ kaggle competitions submit rsna-intracranial-hemorrhage-detection -m 'efficientnet-b7 on v100' -f ./data/submission/model005_fold4_ep1_test_tta5.csv
  0%|          | 0.00/20.7M [00:00<?, ?B/s]  0%|          | 8.00k/20.7M [00:00<09:53, 36.6kB/s]  0%|          | 80.0k/20.7M [00:00<07:07, 50.6kB/s]  2%|▏         | 368k/20.7M [00:00<04:58, 71.5kB/s]   7%|▋         | 1.40M/20.7M [00:02<03:30, 96.3kB/s] 14%|█▎        | 2.80M/20.7M [00:02<02:16, 137kB/s]  22%|██▏       | 4.46M/20.7M [00:02<01:27, 195kB/s] 40%|████      | 8.30M/20.7M [00:03<00:46, 277kB/s] 50%|█████     | 10.4M/20.7M [00:03<00:27, 393kB/s] 61%|██████    | 12.6M/20.7M [00:03<00:15, 555kB/s] 71%|███████▏  | 14.8M/20.7M [00:03<00:07, 780kB/s] 82%|████████▏ | 17.1M/20.7M [00:03<00:03, 1.09MB/s] 93%|█████████▎| 19.3M/20.7M [00:03<00:00, 1.52MB/s]100%|██████████| 20.7M/20.7M [00:06<00:00, 3.29MB/s]
